<?xml version="1.0" encoding="UTF-8"?>
<testsuite xmlns:xsi="http://www.w3.org/2001/XMLSchema-instance" xsi:noNamespaceSchemaLocation="https://maven.apache.org/surefire/maven-surefire-plugin/xsd/surefire-test-report-3.0.xsd" version="3.0" name="com.unicenta.PackageScanTest" time="0.179" tests="1" errors="0" skipped="0" failures="0">
  <properties>
    <property name="sun.desktop" value="windows"/>
    <property name="awt.toolkit" value="sun.awt.windows.WToolkit"/>
    <property name="java.specification.version" value="11"/>
    <property name="sun.cpu.isalist" value="amd64"/>
    <property name="sun.jnu.encoding" value="Cp1252"/>
    <property name="java.class.path" value="C:\RepoTwo\unicenta-opos-5.0\target\test-classes;C:\RepoTwo\unicenta-opos-5.0\target\classes;C:\Users\Pablo Porras\.m2\repository\org\xerial\sqlite-jdbc\3.7.2\sqlite-jdbc-3.7.2.jar;C:\Users\Pablo Porras\.m2\repository\org\openjfx\javafx-base\11\javafx-base-11.jar;C:\Users\Pablo Porras\.m2\repository\org\openjfx\javafx-base\11\javafx-base-11-win.jar;C:\Users\Pablo Porras\.m2\repository\org\openjfx\javafx-controls\11\javafx-controls-11.jar;C:\Users\Pablo Porras\.m2\repository\org\openjfx\javafx-controls\11\javafx-controls-11-win.jar;C:\Users\Pablo Porras\.m2\repository\org\openjfx\javafx-fxml\11\javafx-fxml-11.jar;C:\Users\Pablo Porras\.m2\repository\org\openjfx\javafx-fxml\11\javafx-fxml-11-win.jar;C:\Users\Pablo Porras\.m2\repository\org\openjfx\javafx-graphics\11\javafx-graphics-11.jar;C:\Users\Pablo Porras\.m2\repository\org\openjfx\javafx-graphics\11\javafx-graphics-11-win.jar;C:\Users\Pablo Porras\.m2\repository\org\openjfx\javafx-media\11\javafx-media-11.jar;C:\Users\Pablo Porras\.m2\repository\org\openjfx\javafx-media\11\javafx-media-11-win.jar;C:\Users\Pablo Porras\.m2\repository\org\openjfx\javafx-swing\11\javafx-swing-11.jar;C:\Users\Pablo Porras\.m2\repository\org\openjfx\javafx-swing\11\javafx-swing-11-win.jar;C:\Users\Pablo Porras\.m2\repository\org\openjfx\javafx-web\11\javafx-web-11.jar;C:\Users\Pablo Porras\.m2\repository\org\openjfx\javafx-web\11\javafx-web-11-win.jar;C:\Users\Pablo Porras\.m2\repository\org\mariadb\jdbc\mariadb-java-client\2.7.0\mariadb-java-client-2.7.0.jar;C:\Users\Pablo Porras\.m2\repository\org\projectlombok\lombok\1.18.6\lombok-1.18.6.jar;C:\Users\Pablo Porras\.m2\repository\ch\qos\logback\logback-classic\1.2.2\logback-classic-1.2.2.jar;C:\Users\Pablo Porras\.m2\repository\ch\qos\logback\logback-core\1.2.2\logback-core-1.2.2.jar;C:\Users\Pablo Porras\.m2\repository\org\slf4j\slf4j-api\1.7.25\slf4j-api-1.7.25.jar;C:\Users\Pablo Porras\.m2\repository\org\jfree\jcommon\1.0.24\jcommon-1.0.24.jar;C:\Users\Pablo Porras\.m2\repository\org\jfree\jfreechart\1.0.19\jfreechart-1.0.19.jar;C:\Users\Pablo Porras\.m2\repository\commons-beanutils\commons-beanutils\1.9.3\commons-beanutils-1.9.3.jar;C:\Users\Pablo Porras\.m2\repository\commons-logging\commons-logging\1.2\commons-logging-1.2.jar;C:\Users\Pablo Porras\.m2\repository\commons-digester\commons-digester\2.1\commons-digester-2.1.jar;C:\Users\Pablo Porras\.m2\repository\com\lowagie\itext\2.1.7\itext-2.1.7.jar;C:\Users\Pablo Porras\.m2\repository\bouncycastle\bcmail-jdk14\138\bcmail-jdk14-138.jar;C:\Users\Pablo Porras\.m2\repository\bouncycastle\bcprov-jdk14\138\bcprov-jdk14-138.jar;C:\Users\Pablo Porras\.m2\repository\org\bouncycastle\bctsp-jdk14\1.38\bctsp-jdk14-1.38.jar;C:\Users\Pablo Porras\.m2\repository\org\bouncycastle\bcprov-jdk14\1.38\bcprov-jdk14-1.38.jar;C:\Users\Pablo Porras\.m2\repository\org\bouncycastle\bcmail-jdk14\1.38\bcmail-jdk14-1.38.jar;C:\Users\Pablo Porras\.m2\repository\org\apache\poi\poi\3.10.1\poi-3.10.1.jar;C:\Users\Pablo Porras\.m2\repository\net\sf\barcode4j\barcode4j\2.1\barcode4j-2.1.jar;C:\Users\Pablo Porras\.m2\repository\avalon-framework\avalon-framework-impl\4.2.0\avalon-framework-impl-4.2.0.jar;C:\Users\Pablo Porras\.m2\repository\commons-cli\commons-cli\1.0\commons-cli-1.0.jar;C:\Users\Pablo Porras\.m2\repository\org\apache\ant\ant\1.7.1\ant-1.7.1.jar;C:\Users\Pablo Porras\.m2\repository\org\apache\ant\ant-launcher\1.7.1\ant-launcher-1.7.1.jar;C:\Users\Pablo Porras\.m2\repository\commons-codec\commons-codec\1.10\commons-codec-1.10.jar;C:\Users\Pablo Porras\.m2\repository\org\apache\velocity\velocity\1.7\velocity-1.7.jar;C:\Users\Pablo Porras\.m2\repository\oro\oro\2.0.8\oro-2.0.8.jar;C:\Users\Pablo Porras\.m2\repository\commons-collections\commons-collections\3.2.2\commons-collections-3.2.2.jar;C:\Users\Pablo Porras\.m2\repository\commons-lang\commons-lang\2.6\commons-lang-2.6.jar;C:\Users\Pablo Porras\.m2\repository\org\beanshell\bsh\2.0b4\bsh-2.0b4.jar;C:\Users\Pablo Porras\.m2\repository\org\bidib\jbidib\org\qbang\rxtx\rxtxcomm\2.2\rxtxcomm-2.2.jar;C:\Users\Pablo Porras\.m2\repository\org\jpos\jpos\2.0.10\jpos-2.0.10.jar;C:\Users\Pablo Porras\.m2\repository\org\jdom\jdom2\2.0.6\jdom2-2.0.6.jar;C:\Users\Pablo Porras\.m2\repository\jdbm\jdbm\1.0\jdbm-1.0.jar;C:\Users\Pablo Porras\.m2\repository\org\jline\jline\3.1.1\jline-3.1.1.jar;C:\Users\Pablo Porras\.m2\repository\org\javatuples\javatuples\1.2\javatuples-1.2.jar;C:\Users\Pablo Porras\.m2\repository\org\osgi\org.osgi.core\6.0.0\org.osgi.core-6.0.0.jar;C:\Users\Pablo Porras\.m2\repository\org\bouncycastle\bcprov-jdk15on\1.55\bcprov-jdk15on-1.55.jar;C:\Users\Pablo Porras\.m2\repository\org\bouncycastle\bcpg-jdk15on\1.55\bcpg-jdk15on-1.55.jar;C:\Users\Pablo Porras\.m2\repository\org\apache\sshd\sshd-core\1.2.0\sshd-core-1.2.0.jar;C:\Users\Pablo Porras\.m2\repository\org\swinglabs\swingx\swingx-all\1.6.5-1\swingx-all-1.6.5-1.jar;C:\Users\Pablo Porras\.m2\repository\axis\axis\1.4\axis-1.4.jar;C:\Users\Pablo Porras\.m2\repository\org\apache\axis\axis-saaj\1.4\axis-saaj-1.4.jar;C:\Users\Pablo Porras\.m2\repository\org\apache\axis\axis-jaxrpc\1.4\axis-jaxrpc-1.4.jar;C:\Users\Pablo Porras\.m2\repository\javax\xml\soap\saaj-api\1.3.5\saaj-api-1.3.5.jar;C:\Users\Pablo Porras\.m2\repository\axis\axis-wsdl4j\1.5.1\axis-wsdl4j-1.5.1.jar;C:\Users\Pablo Porras\.m2\repository\commons-discovery\commons-discovery\0.5\commons-discovery-0.5.jar;C:\Users\Pablo Porras\.m2\repository\org\swinglabs\swing-layout\1.0.3\swing-layout-1.0.3.jar;C:\Users\Pablo Porras\.m2\repository\net\sourceforge\javacsv\javacsv\2.0\javacsv-2.0.jar;C:\Users\Pablo Porras\.m2\repository\org\netbeans\external\AbsoluteLayout\RELEASE82\AbsoluteLayout-RELEASE82.jar;C:\Users\Pablo Porras\.m2\repository\com\javapos\jpos\1.13\jpos-1.13.jar;C:\Users\Pablo Porras\.m2\repository\mysql\mysql-connector-java\5.1.39\mysql-connector-java-5.1.39.jar;C:\Users\Pablo Porras\.m2\repository\org\apache\derby\derby\10.14.2.0\derby-10.14.2.0.jar;C:\Users\Pablo Porras\.m2\repository\xml-apis\xml-apis\1.0.b2\xml-apis-1.0.b2.jar;C:\Users\Pablo Porras\.m2\repository\org\apache\xmlgraphics\fop\2.1\fop-2.1.jar;C:\Users\Pablo Porras\.m2\repository\org\apache\xmlgraphics\xmlgraphics-commons\2.1\xmlgraphics-commons-2.1.jar;C:\Users\Pablo Porras\.m2\repository\org\apache\xmlgraphics\batik-svg-dom\1.8\batik-svg-dom-1.8.jar;C:\Users\Pablo Porras\.m2\repository\org\apache\xmlgraphics\batik-css\1.8\batik-css-1.8.jar;C:\Users\Pablo Porras\.m2\repository\org\apache\xmlgraphics\batik-dom\1.8\batik-dom-1.8.jar;C:\Users\Pablo Porras\.m2\repository\org\apache\xmlgraphics\batik-parser\1.8\batik-parser-1.8.jar;C:\Users\Pablo Porras\.m2\repository\org\apache\xmlgraphics\batik-util\1.8\batik-util-1.8.jar;C:\Users\Pablo Porras\.m2\repository\xml-apis\xml-apis-ext\1.3.04\xml-apis-ext-1.3.04.jar;C:\Users\Pablo Porras\.m2\repository\org\apache\xmlgraphics\batik-bridge\1.8\batik-bridge-1.8.jar;C:\Users\Pablo Porras\.m2\repository\org\apache\xmlgraphics\batik-anim\1.8\batik-anim-1.8.jar;C:\Users\Pablo Porras\.m2\repository\org\apache\xmlgraphics\batik-script\1.8\batik-script-1.8.jar;C:\Users\Pablo Porras\.m2\repository\org\apache\xmlgraphics\batik-xml\1.8\batik-xml-1.8.jar;C:\Users\Pablo Porras\.m2\repository\xalan\xalan\2.7.0\xalan-2.7.0.jar;C:\Users\Pablo Porras\.m2\repository\org\apache\xmlgraphics\batik-awt-util\1.8\batik-awt-util-1.8.jar;C:\Users\Pablo Porras\.m2\repository\org\apache\xmlgraphics\batik-gvt\1.8\batik-gvt-1.8.jar;C:\Users\Pablo Porras\.m2\repository\org\apache\xmlgraphics\batik-transcoder\1.8\batik-transcoder-1.8.jar;C:\Users\Pablo Porras\.m2\repository\org\apache\xmlgraphics\batik-svggen\1.8\batik-svggen-1.8.jar;C:\Users\Pablo Porras\.m2\repository\org\apache\xmlgraphics\batik-extension\1.8\batik-extension-1.8.jar;C:\Users\Pablo Porras\.m2\repository\org\apache\xmlgraphics\batik-ext\1.8\batik-ext-1.8.jar;C:\Users\Pablo Porras\.m2\repository\commons-io\commons-io\1.3.1\commons-io-1.3.1.jar;C:\Users\Pablo Porras\.m2\repository\org\apache\avalon\framework\avalon-framework-api\4.3.1\avalon-framework-api-4.3.1.jar;C:\Users\Pablo Porras\.m2\repository\org\apache\avalon\framework\avalon-framework-impl\4.3.1\avalon-framework-impl-4.3.1.jar;C:\Users\Pablo Porras\.m2\repository\net\sf\jasperreports\jasperreports\6.4.0\jasperreports-6.4.0.jar;C:\Users\Pablo Porras\.m2\repository\org\codehaus\castor\castor-xml\1.3.3\castor-xml-1.3.3.jar;C:\Users\Pablo Porras\.m2\repository\org\codehaus\castor\castor-core\1.3.3\castor-core-1.3.3.jar;C:\Users\Pablo Porras\.m2\repository\javax\inject\javax.inject\1\javax.inject-1.jar;C:\Users\Pablo Porras\.m2\repository\stax\stax\1.2.0\stax-1.2.0.jar;C:\Users\Pablo Porras\.m2\repository\stax\stax-api\1.0.1\stax-api-1.0.1.jar;C:\Users\Pablo Porras\.m2\repository\javax\xml\stream\stax-api\1.0-2\stax-api-1.0-2.jar;C:\Users\Pablo Porras\.m2\repository\com\fasterxml\jackson\core\jackson-core\2.1.4\jackson-core-2.1.4.jar;C:\Users\Pablo Porras\.m2\repository\com\fasterxml\jackson\core\jackson-databind\2.1.4\jackson-databind-2.1.4.jar;C:\Users\Pablo Porras\.m2\repository\com\fasterxml\jackson\core\jackson-annotations\2.1.4\jackson-annotations-2.1.4.jar;C:\Users\Pablo Porras\.m2\repository\org\apache\lucene\lucene-core\4.5.1\lucene-core-4.5.1.jar;C:\Users\Pablo Porras\.m2\repository\org\apache\lucene\lucene-analyzers-common\4.5.1\lucene-analyzers-common-4.5.1.jar;C:\Users\Pablo Porras\.m2\repository\org\apache\lucene\lucene-queryparser\4.5.1\lucene-queryparser-4.5.1.jar;C:\Users\Pablo Porras\.m2\repository\org\apache\lucene\lucene-queries\4.5.1\lucene-queries-4.5.1.jar;C:\Users\Pablo Porras\.m2\repository\org\apache\lucene\lucene-sandbox\4.5.1\lucene-sandbox-4.5.1.jar;C:\Users\Pablo Porras\.m2\repository\jakarta-regexp\jakarta-regexp\1.4\jakarta-regexp-1.4.jar;C:\Users\Pablo Porras\.m2\repository\org\olap4j\olap4j\0.9.7.309-JS-3\olap4j-0.9.7.309-JS-3.jar;C:\Users\Pablo Porras\.m2\repository\com\google\zxing\core\3.2.1\core-3.2.1.jar;C:\Users\Pablo Porras\.m2\repository\com\ibm\icu\icu4j\57.1\icu4j-57.1.jar;C:\Users\Pablo Porras\.m2\repository\net\sf\jasperreports\jasperreports-fonts\6.0.0\jasperreports-fonts-6.0.0.jar;C:\Users\Pablo Porras\.m2\repository\ar\com\fdvs\DynamicJasper-core-fonts\2.0\DynamicJasper-core-fonts-2.0.jar;C:\Users\Pablo Porras\.m2\repository\org\eclipse\jdt\core\compiler\ecj\4.6.1\ecj-4.6.1.jar;C:\Users\Pablo Porras\.m2\repository\joda-time\joda-time\2.9.7\joda-time-2.9.7.jar;C:\Users\Pablo Porras\.m2\repository\com\formdev\flatlaf-intellij-themes\2.0.1\flatlaf-intellij-themes-2.0.1.jar;C:\Users\Pablo Porras\.m2\repository\com\formdev\flatlaf\1.6.5\flatlaf-1.6.5.jar;C:\Users\Pablo Porras\.m2\repository\com\formdev\flatlaf-swingx\1.6.5\flatlaf-swingx-1.6.5.jar;C:\Users\Pablo Porras\.m2\repository\org\reflections\reflections\0.9.12\reflections-0.9.12.jar;C:\Users\Pablo Porras\.m2\repository\org\javassist\javassist\3.26.0-GA\javassist-3.26.0-GA.jar;C:\Users\Pablo Porras\.m2\repository\de\sciss\weblaf\1.2.9\weblaf-1.2.9.jar;C:\Users\Pablo Porras\.m2\repository\com\unicenta\unicenta-plugins\1.1\unicenta-plugins-1.1.jar;C:\Users\Pablo Porras\.m2\repository\org\openjfx\javafx-graphics\11\javafx-graphics-11-linux.jar;C:\Users\Pablo Porras\.m2\repository\org\openjfx\javafx-graphics\11\javafx-graphics-11-mac.jar;C:\Users\Pablo Porras\.m2\repository\org\springframework\spring-context\5.1.10.RELEASE\spring-context-5.1.10.RELEASE.jar;C:\Users\Pablo Porras\.m2\repository\org\springframework\spring-aop\5.1.10.RELEASE\spring-aop-5.1.10.RELEASE.jar;C:\Users\Pablo Porras\.m2\repository\org\springframework\spring-beans\5.1.10.RELEASE\spring-beans-5.1.10.RELEASE.jar;C:\Users\Pablo Porras\.m2\repository\org\springframework\spring-expression\5.1.10.RELEASE\spring-expression-5.1.10.RELEASE.jar;C:\Users\Pablo Porras\.m2\repository\org\springframework\spring-core\5.1.10.RELEASE\spring-core-5.1.10.RELEASE.jar;C:\Users\Pablo Porras\.m2\repository\org\springframework\spring-jcl\5.1.10.RELEASE\spring-jcl-5.1.10.RELEASE.jar;C:\Users\Pablo Porras\.m2\repository\org\codehaus\groovy\groovy-all\2.4.13\groovy-all-2.4.13.jar;C:\Users\Pablo Porras\.m2\repository\com\google\code\gson\gson\2.8.2\gson-2.8.2.jar;C:\Users\Pablo Porras\.m2\repository\com\mashape\unirest\unirest-java\1.4.9\unirest-java-1.4.9.jar;C:\Users\Pablo Porras\.m2\repository\org\apache\httpcomponents\httpclient\4.5.2\httpclient-4.5.2.jar;C:\Users\Pablo Porras\.m2\repository\org\apache\httpcomponents\httpcore\4.4.4\httpcore-4.4.4.jar;C:\Users\Pablo Porras\.m2\repository\org\apache\httpcomponents\httpasyncclient\4.1.1\httpasyncclient-4.1.1.jar;C:\Users\Pablo Porras\.m2\repository\org\apache\httpcomponents\httpcore-nio\4.4.4\httpcore-nio-4.4.4.jar;C:\Users\Pablo Porras\.m2\repository\org\apache\httpcomponents\httpmime\4.5.2\httpmime-4.5.2.jar;C:\Users\Pablo Porras\.m2\repository\org\json\json\20160212\json-20160212.jar;C:\Users\Pablo Porras\.m2\repository\org\jasypt\jasypt\1.9.3\jasypt-1.9.3.jar;C:\Users\Pablo Porras\.m2\repository\uk\co\pos_apps\openbravo\1.0-SNAPSHOT\openbravo-1.0-SNAPSHOT.jar;C:\Users\Pablo Porras\.m2\repository\com\gluonhq\charm-glisten\6.2.2\charm-glisten-6.2.2.jar;C:\Users\Pablo Porras\.m2\repository\javax\xml\bind\jaxb-api\2.3.0\jaxb-api-2.3.0.jar;C:\Users\Pablo Porras\.m2\repository\javax\persistence\persistence-api\1.0.2\persistence-api-1.0.2.jar;C:\Users\Pablo Porras\.m2\repository\com\dalsemi\onewire\OneWireAPI\0.1\OneWireAPI-0.1.jar;C:\Users\Pablo Porras\.m2\repository\org\usb4java\usb4java\1.2.0\usb4java-1.2.0.jar;C:\Users\Pablo Porras\.m2\repository\org\usb4java\libusb4java\1.2.0\libusb4java-1.2.0-linux-x86.jar;C:\Users\Pablo Porras\.m2\repository\org\usb4java\libusb4java\1.2.0\libusb4java-1.2.0-linux-x86_64.jar;C:\Users\Pablo Porras\.m2\repository\org\usb4java\libusb4java\1.2.0\libusb4java-1.2.0-linux-arm.jar;C:\Users\Pablo Porras\.m2\repository\org\usb4java\libusb4java\1.2.0\libusb4java-1.2.0-windows-x86.jar;C:\Users\Pablo Porras\.m2\repository\org\usb4java\libusb4java\1.2.0\libusb4java-1.2.0-windows-x86_64.jar;C:\Users\Pablo Porras\.m2\repository\org\usb4java\libusb4java\1.2.0\libusb4java-1.2.0-osx-x86.jar;C:\Users\Pablo Porras\.m2\repository\org\usb4java\libusb4java\1.2.0\libusb4java-1.2.0-osx-x86_64.jar;C:\Users\Pablo Porras\.m2\repository\org\apache\commons\commons-lang3\3.2.1\commons-lang3-3.2.1.jar;C:\Users\Pablo Porras\.m2\repository\javax\usb\usb-api\1.0.2\usb-api-1.0.2.jar;C:\Users\Pablo Porras\.m2\repository\org\jdatepicker\jdatepicker\1.3.4\jdatepicker-1.3.4.jar;C:\Users\Pablo Porras\.m2\repository\com\sleepycat\je\7.0.6\je-7.0.6.jar;C:\Users\Pablo Porras\.m2\repository\org\pushingpixels\trident\1.4\trident-1.4.jar;C:\Users\Pablo Porras\.m2\repository\org\pushingpixels\substance\7.1.00\substance-7.1.00.jar;C:\Users\Pablo Porras\.m2\repository\org\postgresql\postgresql\9.4.1208\postgresql-9.4.1208.jar;C:\Users\Pablo Porras\.m2\repository\de\sciss\weblaf-ui\2.1.3\weblaf-ui-2.1.3.jar;C:\Users\Pablo Porras\.m2\repository\de\sciss\weblaf-core\2.1.3\weblaf-core-2.1.3.jar;C:\Users\Pablo Porras\.m2\repository\com\thoughtworks\xstream\xstream\1.4.9\xstream-1.4.9.jar;C:\Users\Pablo Porras\.m2\repository\net\htmlparser\jericho\jericho-html\3.3\jericho-html-3.3.jar;C:\Users\Pablo Porras\.m2\repository\com\mortennobel\java-image-scaling\0.8.6\java-image-scaling-0.8.6.jar;C:\Users\Pablo Porras\.m2\repository\com\jhlabs\filters\2.0.235\filters-2.0.235.jar;C:\Users\Pablo Porras\.m2\repository\org\slf4j\slf4j-simple\1.7.24\slf4j-simple-1.7.24.jar;C:\Users\Pablo Porras\.m2\repository\junit\junit\4.12\junit-4.12.jar;C:\Users\Pablo Porras\.m2\repository\org\hamcrest\hamcrest-core\1.3\hamcrest-core-1.3.jar;C:\Users\Pablo Porras\.m2\repository\org\mockito\mockito-inline\4.2.0\mockito-inline-4.2.0.jar;C:\Users\Pablo Porras\.m2\repository\org\mockito\mockito-core\4.2.0\mockito-core-4.2.0.jar;C:\Users\Pablo Porras\.m2\repository\net\bytebuddy\byte-buddy\1.12.4\byte-buddy-1.12.4.jar;C:\Users\Pablo Porras\.m2\repository\net\bytebuddy\byte-buddy-agent\1.12.4\byte-buddy-agent-1.12.4.jar;C:\Users\Pablo Porras\.m2\repository\org\objenesis\objenesis\3.2\objenesis-3.2.jar;C:\Users\Pablo Porras\.m2\repository\org\mockito\mockito-junit-jupiter\4.2.0\mockito-junit-jupiter-4.2.0.jar;C:\Users\Pablo Porras\.m2\repository\org\junit\jupiter\junit-jupiter-api\5.8.2\junit-jupiter-api-5.8.2.jar;C:\Users\Pablo Porras\.m2\repository\org\opentest4j\opentest4j\1.2.0\opentest4j-1.2.0.jar;C:\Users\Pablo Porras\.m2\repository\org\junit\platform\junit-platform-commons\1.8.2\junit-platform-commons-1.8.2.jar;C:\Users\Pablo Porras\.m2\repository\org\apiguardian\apiguardian-api\1.1.2\apiguardian-api-1.1.2.jar;"/>
    <property name="java.vm.vendor" value="Oracle Corporation"/>
    <property name="sun.arch.data.model" value="64"/>
    <property name="user.variant" value=""/>
    <property name="java.vendor.url" value="https://openjdk.java.net/"/>
    <property name="user.timezone" value="America/Bogota"/>
    <property name="java.vm.specification.version" value="11"/>
    <property name="os.name" value="Windows 10"/>
    <property name="user.country" value="US"/>
    <property name="sun.java.launcher" value="SUN_STANDARD"/>
    <property name="sun.boot.library.path" value="C:\Program Files\Java\jdk-11\bin"/>
    <property name="sun.java.command" value="C:\Users\Pablo Porras\AppData\Local\Temp\surefire705320852637335309\surefirebooter-20240817180053575_3.jar C:\Users\Pablo Porras\AppData\Local\Temp\surefire705320852637335309 2024-08-17T18-00-52_570-jvmRun1 surefire-20240817180053575_1tmp surefire_0-20240817180053575_2tmp"/>
    <property name="jdk.debug" value="release"/>
    <property name="surefire.test.class.path" value="C:\RepoTwo\unicenta-opos-5.0\target\test-classes;C:\RepoTwo\unicenta-opos-5.0\target\classes;C:\Users\Pablo Porras\.m2\repository\org\xerial\sqlite-jdbc\3.7.2\sqlite-jdbc-3.7.2.jar;C:\Users\Pablo Porras\.m2\repository\org\openjfx\javafx-base\11\javafx-base-11.jar;C:\Users\Pablo Porras\.m2\repository\org\openjfx\javafx-base\11\javafx-base-11-win.jar;C:\Users\Pablo Porras\.m2\repository\org\openjfx\javafx-controls\11\javafx-controls-11.jar;C:\Users\Pablo Porras\.m2\repository\org\openjfx\javafx-controls\11\javafx-controls-11-win.jar;C:\Users\Pablo Porras\.m2\repository\org\openjfx\javafx-fxml\11\javafx-fxml-11.jar;C:\Users\Pablo Porras\.m2\repository\org\openjfx\javafx-fxml\11\javafx-fxml-11-win.jar;C:\Users\Pablo Porras\.m2\repository\org\openjfx\javafx-graphics\11\javafx-graphics-11.jar;C:\Users\Pablo Porras\.m2\repository\org\openjfx\javafx-graphics\11\javafx-graphics-11-win.jar;C:\Users\Pablo Porras\.m2\repository\org\openjfx\javafx-media\11\javafx-media-11.jar;C:\Users\Pablo Porras\.m2\repository\org\openjfx\javafx-media\11\javafx-media-11-win.jar;C:\Users\Pablo Porras\.m2\repository\org\openjfx\javafx-swing\11\javafx-swing-11.jar;C:\Users\Pablo Porras\.m2\repository\org\openjfx\javafx-swing\11\javafx-swing-11-win.jar;C:\Users\Pablo Porras\.m2\repository\org\openjfx\javafx-web\11\javafx-web-11.jar;C:\Users\Pablo Porras\.m2\repository\org\openjfx\javafx-web\11\javafx-web-11-win.jar;C:\Users\Pablo Porras\.m2\repository\org\mariadb\jdbc\mariadb-java-client\2.7.0\mariadb-java-client-2.7.0.jar;C:\Users\Pablo Porras\.m2\repository\org\projectlombok\lombok\1.18.6\lombok-1.18.6.jar;C:\Users\Pablo Porras\.m2\repository\ch\qos\logback\logback-classic\1.2.2\logback-classic-1.2.2.jar;C:\Users\Pablo Porras\.m2\repository\ch\qos\logback\logback-core\1.2.2\logback-core-1.2.2.jar;C:\Users\Pablo Porras\.m2\repository\org\slf4j\slf4j-api\1.7.25\slf4j-api-1.7.25.jar;C:\Users\Pablo Porras\.m2\repository\org\jfree\jcommon\1.0.24\jcommon-1.0.24.jar;C:\Users\Pablo Porras\.m2\repository\org\jfree\jfreechart\1.0.19\jfreechart-1.0.19.jar;C:\Users\Pablo Porras\.m2\repository\commons-beanutils\commons-beanutils\1.9.3\commons-beanutils-1.9.3.jar;C:\Users\Pablo Porras\.m2\repository\commons-logging\commons-logging\1.2\commons-logging-1.2.jar;C:\Users\Pablo Porras\.m2\repository\commons-digester\commons-digester\2.1\commons-digester-2.1.jar;C:\Users\Pablo Porras\.m2\repository\com\lowagie\itext\2.1.7\itext-2.1.7.jar;C:\Users\Pablo Porras\.m2\repository\bouncycastle\bcmail-jdk14\138\bcmail-jdk14-138.jar;C:\Users\Pablo Porras\.m2\repository\bouncycastle\bcprov-jdk14\138\bcprov-jdk14-138.jar;C:\Users\Pablo Porras\.m2\repository\org\bouncycastle\bctsp-jdk14\1.38\bctsp-jdk14-1.38.jar;C:\Users\Pablo Porras\.m2\repository\org\bouncycastle\bcprov-jdk14\1.38\bcprov-jdk14-1.38.jar;C:\Users\Pablo Porras\.m2\repository\org\bouncycastle\bcmail-jdk14\1.38\bcmail-jdk14-1.38.jar;C:\Users\Pablo Porras\.m2\repository\org\apache\poi\poi\3.10.1\poi-3.10.1.jar;C:\Users\Pablo Porras\.m2\repository\net\sf\barcode4j\barcode4j\2.1\barcode4j-2.1.jar;C:\Users\Pablo Porras\.m2\repository\avalon-framework\avalon-framework-impl\4.2.0\avalon-framework-impl-4.2.0.jar;C:\Users\Pablo Porras\.m2\repository\commons-cli\commons-cli\1.0\commons-cli-1.0.jar;C:\Users\Pablo Porras\.m2\repository\org\apache\ant\ant\1.7.1\ant-1.7.1.jar;C:\Users\Pablo Porras\.m2\repository\org\apache\ant\ant-launcher\1.7.1\ant-launcher-1.7.1.jar;C:\Users\Pablo Porras\.m2\repository\commons-codec\commons-codec\1.10\commons-codec-1.10.jar;C:\Users\Pablo Porras\.m2\repository\org\apache\velocity\velocity\1.7\velocity-1.7.jar;C:\Users\Pablo Porras\.m2\repository\oro\oro\2.0.8\oro-2.0.8.jar;C:\Users\Pablo Porras\.m2\repository\commons-collections\commons-collections\3.2.2\commons-collections-3.2.2.jar;C:\Users\Pablo Porras\.m2\repository\commons-lang\commons-lang\2.6\commons-lang-2.6.jar;C:\Users\Pablo Porras\.m2\repository\org\beanshell\bsh\2.0b4\bsh-2.0b4.jar;C:\Users\Pablo Porras\.m2\repository\org\bidib\jbidib\org\qbang\rxtx\rxtxcomm\2.2\rxtxcomm-2.2.jar;C:\Users\Pablo Porras\.m2\repository\org\jpos\jpos\2.0.10\jpos-2.0.10.jar;C:\Users\Pablo Porras\.m2\repository\org\jdom\jdom2\2.0.6\jdom2-2.0.6.jar;C:\Users\Pablo Porras\.m2\repository\jdbm\jdbm\1.0\jdbm-1.0.jar;C:\Users\Pablo Porras\.m2\repository\org\jline\jline\3.1.1\jline-3.1.1.jar;C:\Users\Pablo Porras\.m2\repository\org\javatuples\javatuples\1.2\javatuples-1.2.jar;C:\Users\Pablo Porras\.m2\repository\org\osgi\org.osgi.core\6.0.0\org.osgi.core-6.0.0.jar;C:\Users\Pablo Porras\.m2\repository\org\bouncycastle\bcprov-jdk15on\1.55\bcprov-jdk15on-1.55.jar;C:\Users\Pablo Porras\.m2\repository\org\bouncycastle\bcpg-jdk15on\1.55\bcpg-jdk15on-1.55.jar;C:\Users\Pablo Porras\.m2\repository\org\apache\sshd\sshd-core\1.2.0\sshd-core-1.2.0.jar;C:\Users\Pablo Porras\.m2\repository\org\swinglabs\swingx\swingx-all\1.6.5-1\swingx-all-1.6.5-1.jar;C:\Users\Pablo Porras\.m2\repository\axis\axis\1.4\axis-1.4.jar;C:\Users\Pablo Porras\.m2\repository\org\apache\axis\axis-saaj\1.4\axis-saaj-1.4.jar;C:\Users\Pablo Porras\.m2\repository\org\apache\axis\axis-jaxrpc\1.4\axis-jaxrpc-1.4.jar;C:\Users\Pablo Porras\.m2\repository\javax\xml\soap\saaj-api\1.3.5\saaj-api-1.3.5.jar;C:\Users\Pablo Porras\.m2\repository\axis\axis-wsdl4j\1.5.1\axis-wsdl4j-1.5.1.jar;C:\Users\Pablo Porras\.m2\repository\commons-discovery\commons-discovery\0.5\commons-discovery-0.5.jar;C:\Users\Pablo Porras\.m2\repository\org\swinglabs\swing-layout\1.0.3\swing-layout-1.0.3.jar;C:\Users\Pablo Porras\.m2\repository\net\sourceforge\javacsv\javacsv\2.0\javacsv-2.0.jar;C:\Users\Pablo Porras\.m2\repository\org\netbeans\external\AbsoluteLayout\RELEASE82\AbsoluteLayout-RELEASE82.jar;C:\Users\Pablo Porras\.m2\repository\com\javapos\jpos\1.13\jpos-1.13.jar;C:\Users\Pablo Porras\.m2\repository\mysql\mysql-connector-java\5.1.39\mysql-connector-java-5.1.39.jar;C:\Users\Pablo Porras\.m2\repository\org\apache\derby\derby\10.14.2.0\derby-10.14.2.0.jar;C:\Users\Pablo Porras\.m2\repository\xml-apis\xml-apis\1.0.b2\xml-apis-1.0.b2.jar;C:\Users\Pablo Porras\.m2\repository\org\apache\xmlgraphics\fop\2.1\fop-2.1.jar;C:\Users\Pablo Porras\.m2\repository\org\apache\xmlgraphics\xmlgraphics-commons\2.1\xmlgraphics-commons-2.1.jar;C:\Users\Pablo Porras\.m2\repository\org\apache\xmlgraphics\batik-svg-dom\1.8\batik-svg-dom-1.8.jar;C:\Users\Pablo Porras\.m2\repository\org\apache\xmlgraphics\batik-css\1.8\batik-css-1.8.jar;C:\Users\Pablo Porras\.m2\repository\org\apache\xmlgraphics\batik-dom\1.8\batik-dom-1.8.jar;C:\Users\Pablo Porras\.m2\repository\org\apache\xmlgraphics\batik-parser\1.8\batik-parser-1.8.jar;C:\Users\Pablo Porras\.m2\repository\org\apache\xmlgraphics\batik-util\1.8\batik-util-1.8.jar;C:\Users\Pablo Porras\.m2\repository\xml-apis\xml-apis-ext\1.3.04\xml-apis-ext-1.3.04.jar;C:\Users\Pablo Porras\.m2\repository\org\apache\xmlgraphics\batik-bridge\1.8\batik-bridge-1.8.jar;C:\Users\Pablo Porras\.m2\repository\org\apache\xmlgraphics\batik-anim\1.8\batik-anim-1.8.jar;C:\Users\Pablo Porras\.m2\repository\org\apache\xmlgraphics\batik-script\1.8\batik-script-1.8.jar;C:\Users\Pablo Porras\.m2\repository\org\apache\xmlgraphics\batik-xml\1.8\batik-xml-1.8.jar;C:\Users\Pablo Porras\.m2\repository\xalan\xalan\2.7.0\xalan-2.7.0.jar;C:\Users\Pablo Porras\.m2\repository\org\apache\xmlgraphics\batik-awt-util\1.8\batik-awt-util-1.8.jar;C:\Users\Pablo Porras\.m2\repository\org\apache\xmlgraphics\batik-gvt\1.8\batik-gvt-1.8.jar;C:\Users\Pablo Porras\.m2\repository\org\apache\xmlgraphics\batik-transcoder\1.8\batik-transcoder-1.8.jar;C:\Users\Pablo Porras\.m2\repository\org\apache\xmlgraphics\batik-svggen\1.8\batik-svggen-1.8.jar;C:\Users\Pablo Porras\.m2\repository\org\apache\xmlgraphics\batik-extension\1.8\batik-extension-1.8.jar;C:\Users\Pablo Porras\.m2\repository\org\apache\xmlgraphics\batik-ext\1.8\batik-ext-1.8.jar;C:\Users\Pablo Porras\.m2\repository\commons-io\commons-io\1.3.1\commons-io-1.3.1.jar;C:\Users\Pablo Porras\.m2\repository\org\apache\avalon\framework\avalon-framework-api\4.3.1\avalon-framework-api-4.3.1.jar;C:\Users\Pablo Porras\.m2\repository\org\apache\avalon\framework\avalon-framework-impl\4.3.1\avalon-framework-impl-4.3.1.jar;C:\Users\Pablo Porras\.m2\repository\net\sf\jasperreports\jasperreports\6.4.0\jasperreports-6.4.0.jar;C:\Users\Pablo Porras\.m2\repository\org\codehaus\castor\castor-xml\1.3.3\castor-xml-1.3.3.jar;C:\Users\Pablo Porras\.m2\repository\org\codehaus\castor\castor-core\1.3.3\castor-core-1.3.3.jar;C:\Users\Pablo Porras\.m2\repository\javax\inject\javax.inject\1\javax.inject-1.jar;C:\Users\Pablo Porras\.m2\repository\stax\stax\1.2.0\stax-1.2.0.jar;C:\Users\Pablo Porras\.m2\repository\stax\stax-api\1.0.1\stax-api-1.0.1.jar;C:\Users\Pablo Porras\.m2\repository\javax\xml\stream\stax-api\1.0-2\stax-api-1.0-2.jar;C:\Users\Pablo Porras\.m2\repository\com\fasterxml\jackson\core\jackson-core\2.1.4\jackson-core-2.1.4.jar;C:\Users\Pablo Porras\.m2\repository\com\fasterxml\jackson\core\jackson-databind\2.1.4\jackson-databind-2.1.4.jar;C:\Users\Pablo Porras\.m2\repository\com\fasterxml\jackson\core\jackson-annotations\2.1.4\jackson-annotations-2.1.4.jar;C:\Users\Pablo Porras\.m2\repository\org\apache\lucene\lucene-core\4.5.1\lucene-core-4.5.1.jar;C:\Users\Pablo Porras\.m2\repository\org\apache\lucene\lucene-analyzers-common\4.5.1\lucene-analyzers-common-4.5.1.jar;C:\Users\Pablo Porras\.m2\repository\org\apache\lucene\lucene-queryparser\4.5.1\lucene-queryparser-4.5.1.jar;C:\Users\Pablo Porras\.m2\repository\org\apache\lucene\lucene-queries\4.5.1\lucene-queries-4.5.1.jar;C:\Users\Pablo Porras\.m2\repository\org\apache\lucene\lucene-sandbox\4.5.1\lucene-sandbox-4.5.1.jar;C:\Users\Pablo Porras\.m2\repository\jakarta-regexp\jakarta-regexp\1.4\jakarta-regexp-1.4.jar;C:\Users\Pablo Porras\.m2\repository\org\olap4j\olap4j\0.9.7.309-JS-3\olap4j-0.9.7.309-JS-3.jar;C:\Users\Pablo Porras\.m2\repository\com\google\zxing\core\3.2.1\core-3.2.1.jar;C:\Users\Pablo Porras\.m2\repository\com\ibm\icu\icu4j\57.1\icu4j-57.1.jar;C:\Users\Pablo Porras\.m2\repository\net\sf\jasperreports\jasperreports-fonts\6.0.0\jasperreports-fonts-6.0.0.jar;C:\Users\Pablo Porras\.m2\repository\ar\com\fdvs\DynamicJasper-core-fonts\2.0\DynamicJasper-core-fonts-2.0.jar;C:\Users\Pablo Porras\.m2\repository\org\eclipse\jdt\core\compiler\ecj\4.6.1\ecj-4.6.1.jar;C:\Users\Pablo Porras\.m2\repository\joda-time\joda-time\2.9.7\joda-time-2.9.7.jar;C:\Users\Pablo Porras\.m2\repository\com\formdev\flatlaf-intellij-themes\2.0.1\flatlaf-intellij-themes-2.0.1.jar;C:\Users\Pablo Porras\.m2\repository\com\formdev\flatlaf\1.6.5\flatlaf-1.6.5.jar;C:\Users\Pablo Porras\.m2\repository\com\formdev\flatlaf-swingx\1.6.5\flatlaf-swingx-1.6.5.jar;C:\Users\Pablo Porras\.m2\repository\org\reflections\reflections\0.9.12\reflections-0.9.12.jar;C:\Users\Pablo Porras\.m2\repository\org\javassist\javassist\3.26.0-GA\javassist-3.26.0-GA.jar;C:\Users\Pablo Porras\.m2\repository\de\sciss\weblaf\1.2.9\weblaf-1.2.9.jar;C:\Users\Pablo Porras\.m2\repository\com\unicenta\unicenta-plugins\1.1\unicenta-plugins-1.1.jar;C:\Users\Pablo Porras\.m2\repository\org\openjfx\javafx-graphics\11\javafx-graphics-11-linux.jar;C:\Users\Pablo Porras\.m2\repository\org\openjfx\javafx-graphics\11\javafx-graphics-11-mac.jar;C:\Users\Pablo Porras\.m2\repository\org\springframework\spring-context\5.1.10.RELEASE\spring-context-5.1.10.RELEASE.jar;C:\Users\Pablo Porras\.m2\repository\org\springframework\spring-aop\5.1.10.RELEASE\spring-aop-5.1.10.RELEASE.jar;C:\Users\Pablo Porras\.m2\repository\org\springframework\spring-beans\5.1.10.RELEASE\spring-beans-5.1.10.RELEASE.jar;C:\Users\Pablo Porras\.m2\repository\org\springframework\spring-expression\5.1.10.RELEASE\spring-expression-5.1.10.RELEASE.jar;C:\Users\Pablo Porras\.m2\repository\org\springframework\spring-core\5.1.10.RELEASE\spring-core-5.1.10.RELEASE.jar;C:\Users\Pablo Porras\.m2\repository\org\springframework\spring-jcl\5.1.10.RELEASE\spring-jcl-5.1.10.RELEASE.jar;C:\Users\Pablo Porras\.m2\repository\org\codehaus\groovy\groovy-all\2.4.13\groovy-all-2.4.13.jar;C:\Users\Pablo Porras\.m2\repository\com\google\code\gson\gson\2.8.2\gson-2.8.2.jar;C:\Users\Pablo Porras\.m2\repository\com\mashape\unirest\unirest-java\1.4.9\unirest-java-1.4.9.jar;C:\Users\Pablo Porras\.m2\repository\org\apache\httpcomponents\httpclient\4.5.2\httpclient-4.5.2.jar;C:\Users\Pablo Porras\.m2\repository\org\apache\httpcomponents\httpcore\4.4.4\httpcore-4.4.4.jar;C:\Users\Pablo Porras\.m2\repository\org\apache\httpcomponents\httpasyncclient\4.1.1\httpasyncclient-4.1.1.jar;C:\Users\Pablo Porras\.m2\repository\org\apache\httpcomponents\httpcore-nio\4.4.4\httpcore-nio-4.4.4.jar;C:\Users\Pablo Porras\.m2\repository\org\apache\httpcomponents\httpmime\4.5.2\httpmime-4.5.2.jar;C:\Users\Pablo Porras\.m2\repository\org\json\json\20160212\json-20160212.jar;C:\Users\Pablo Porras\.m2\repository\org\jasypt\jasypt\1.9.3\jasypt-1.9.3.jar;C:\Users\Pablo Porras\.m2\repository\uk\co\pos_apps\openbravo\1.0-SNAPSHOT\openbravo-1.0-SNAPSHOT.jar;C:\Users\Pablo Porras\.m2\repository\com\gluonhq\charm-glisten\6.2.2\charm-glisten-6.2.2.jar;C:\Users\Pablo Porras\.m2\repository\javax\xml\bind\jaxb-api\2.3.0\jaxb-api-2.3.0.jar;C:\Users\Pablo Porras\.m2\repository\javax\persistence\persistence-api\1.0.2\persistence-api-1.0.2.jar;C:\Users\Pablo Porras\.m2\repository\com\dalsemi\onewire\OneWireAPI\0.1\OneWireAPI-0.1.jar;C:\Users\Pablo Porras\.m2\repository\org\usb4java\usb4java\1.2.0\usb4java-1.2.0.jar;C:\Users\Pablo Porras\.m2\repository\org\usb4java\libusb4java\1.2.0\libusb4java-1.2.0-linux-x86.jar;C:\Users\Pablo Porras\.m2\repository\org\usb4java\libusb4java\1.2.0\libusb4java-1.2.0-linux-x86_64.jar;C:\Users\Pablo Porras\.m2\repository\org\usb4java\libusb4java\1.2.0\libusb4java-1.2.0-linux-arm.jar;C:\Users\Pablo Porras\.m2\repository\org\usb4java\libusb4java\1.2.0\libusb4java-1.2.0-windows-x86.jar;C:\Users\Pablo Porras\.m2\repository\org\usb4java\libusb4java\1.2.0\libusb4java-1.2.0-windows-x86_64.jar;C:\Users\Pablo Porras\.m2\repository\org\usb4java\libusb4java\1.2.0\libusb4java-1.2.0-osx-x86.jar;C:\Users\Pablo Porras\.m2\repository\org\usb4java\libusb4java\1.2.0\libusb4java-1.2.0-osx-x86_64.jar;C:\Users\Pablo Porras\.m2\repository\org\apache\commons\commons-lang3\3.2.1\commons-lang3-3.2.1.jar;C:\Users\Pablo Porras\.m2\repository\javax\usb\usb-api\1.0.2\usb-api-1.0.2.jar;C:\Users\Pablo Porras\.m2\repository\org\jdatepicker\jdatepicker\1.3.4\jdatepicker-1.3.4.jar;C:\Users\Pablo Porras\.m2\repository\com\sleepycat\je\7.0.6\je-7.0.6.jar;C:\Users\Pablo Porras\.m2\repository\org\pushingpixels\trident\1.4\trident-1.4.jar;C:\Users\Pablo Porras\.m2\repository\org\pushingpixels\substance\7.1.00\substance-7.1.00.jar;C:\Users\Pablo Porras\.m2\repository\org\postgresql\postgresql\9.4.1208\postgresql-9.4.1208.jar;C:\Users\Pablo Porras\.m2\repository\de\sciss\weblaf-ui\2.1.3\weblaf-ui-2.1.3.jar;C:\Users\Pablo Porras\.m2\repository\de\sciss\weblaf-core\2.1.3\weblaf-core-2.1.3.jar;C:\Users\Pablo Porras\.m2\repository\com\thoughtworks\xstream\xstream\1.4.9\xstream-1.4.9.jar;C:\Users\Pablo Porras\.m2\repository\net\htmlparser\jericho\jericho-html\3.3\jericho-html-3.3.jar;C:\Users\Pablo Porras\.m2\repository\com\mortennobel\java-image-scaling\0.8.6\java-image-scaling-0.8.6.jar;C:\Users\Pablo Porras\.m2\repository\com\jhlabs\filters\2.0.235\filters-2.0.235.jar;C:\Users\Pablo Porras\.m2\repository\org\slf4j\slf4j-simple\1.7.24\slf4j-simple-1.7.24.jar;C:\Users\Pablo Porras\.m2\repository\junit\junit\4.12\junit-4.12.jar;C:\Users\Pablo Porras\.m2\repository\org\hamcrest\hamcrest-core\1.3\hamcrest-core-1.3.jar;C:\Users\Pablo Porras\.m2\repository\org\mockito\mockito-inline\4.2.0\mockito-inline-4.2.0.jar;C:\Users\Pablo Porras\.m2\repository\org\mockito\mockito-core\4.2.0\mockito-core-4.2.0.jar;C:\Users\Pablo Porras\.m2\repository\net\bytebuddy\byte-buddy\1.12.4\byte-buddy-1.12.4.jar;C:\Users\Pablo Porras\.m2\repository\net\bytebuddy\byte-buddy-agent\1.12.4\byte-buddy-agent-1.12.4.jar;C:\Users\Pablo Porras\.m2\repository\org\objenesis\objenesis\3.2\objenesis-3.2.jar;C:\Users\Pablo Porras\.m2\repository\org\mockito\mockito-junit-jupiter\4.2.0\mockito-junit-jupiter-4.2.0.jar;C:\Users\Pablo Porras\.m2\repository\org\junit\jupiter\junit-jupiter-api\5.8.2\junit-jupiter-api-5.8.2.jar;C:\Users\Pablo Porras\.m2\repository\org\opentest4j\opentest4j\1.2.0\opentest4j-1.2.0.jar;C:\Users\Pablo Porras\.m2\repository\org\junit\platform\junit-platform-commons\1.8.2\junit-platform-commons-1.8.2.jar;C:\Users\Pablo Porras\.m2\repository\org\apiguardian\apiguardian-api\1.1.2\apiguardian-api-1.1.2.jar;"/>
    <property name="sun.cpu.endian" value="little"/>
    <property name="user.home" value="C:\Users\Pablo Porras"/>
    <property name="user.language" value="en"/>
    <property name="java.specification.vendor" value="Oracle Corporation"/>
    <property name="java.version.date" value="2024-01-16"/>
    <property name="java.home" value="C:\Program Files\Java\jdk-11"/>
    <property name="file.separator" value="\"/>
    <property name="basedir" value="C:\RepoTwo\unicenta-opos-5.0"/>
    <property name="java.vm.compressedOopsMode" value="Zero based"/>
    <property name="line.separator" value="&#10;"/>
    <property name="java.specification.name" value="Java Platform API Specification"/>
    <property name="java.vm.specification.vendor" value="Oracle Corporation"/>
    <property name="java.awt.graphicsenv" value="sun.awt.Win32GraphicsEnvironment"/>
    <property name="surefire.real.class.path" value="C:\Users\Pablo Porras\AppData\Local\Temp\surefire705320852637335309\surefirebooter-20240817180053575_3.jar"/>
    <property name="user.script" value=""/>
    <property name="sun.management.compiler" value="HotSpot 64-Bit Tiered Compilers"/>
    <property name="java.runtime.version" value="11.0.22+9-LTS-219"/>
    <property name="user.name" value="Pablo Porras"/>
    <property name="path.separator" value=";"/>
    <property name="os.version" value="10.0"/>
    <property name="java.runtime.name" value="Java(TM) SE Runtime Environment"/>
    <property name="file.encoding" value="UTF-8"/>
    <property name="java.vm.name" value="Java HotSpot(TM) 64-Bit Server VM"/>
    <property name="java.vendor.version" value="18.9"/>
    <property name="maven.ext.class.path" value="C:\Program Files\NetBeans-19\netbeans\java\maven-nblib\netbeans-eventspy.jar"/>
    <property name="localRepository" value="C:\Users\Pablo Porras\.m2\repository"/>
    <property name="java.vendor.url.bug" value="https://bugreport.java.com/bugreport/"/>
    <property name="java.io.tmpdir" value="C:\Users\PABLOP~1\AppData\Local\Temp\"/>
    <property name="java.version" value="11.0.22"/>
    <property name="user.dir" value="C:\RepoTwo\unicenta-opos-5.0"/>
    <property name="os.arch" value="amd64"/>
    <property name="java.vm.specification.name" value="Java Virtual Machine Specification"/>
    <property name="java.awt.printerjob" value="sun.awt.windows.WPrinterJob"/>
    <property name="sun.os.patch.level" value=""/>
    <property name="java.library.path" value="C:\Program Files\Java\jdk-11\bin;C:\windows\Sun\Java\bin;C:\windows\system32;C:\windows;C:\Program Files\Common Files\Oracle\Java\javapath;C:\Program Files (x86)\Common Files\Oracle\Java\java8path;C:\Program Files (x86)\Common Files\Oracle\Java\javapath;C:\Program Files\Java\jdk-11;C:\Program Files\Java\jdk-11\bin;C:\maven\apache-maven-3.9.8\bin;C:\windows\system32;C:\windows;C:\windows\System32\Wbem;C:\windows\System32\WindowsPowerShell\v1.0\;C:\windows\System32\OpenSSH\;C:\Program Files\Microsoft SQL Server\Client SDK\ODBC\170\Tools\Binn\;C:\Program Files\Microsoft SQL Server\150\Tools\Binn\;C:\Program Files\dotnet\;C:\Program Files (x86)\Microsoft SQL Server\160\DTS\Binn\;C:\Program Files\Azure Data Studio\bin;C:\Program Files (x86)\GitExtensions\;C:\Program Files\Git\cmd;C:\Program Files\nodejs\;C:\Users\Pablo Porras\AppData\Roaming\npm;C:\Program Files\Apache Software Foundation\Tomcat 9.0\bin;C:\Program Files (x86)\Gpg4win\..\GnuPG\bin;C:\Program Files\nodejs;C:\Users\Pablo Porras\AppData\Local\Microsoft\WindowsApps;C:\Users\Pablo Porras\AppData\Local\Programs\Microsoft VS Code\bin;C:\Users\Pablo Porras\.dotnet\tools;C:\Program Files\Azure Data Studio\bin;C:\Users\Pablo Porras\AppData\Local\Programs\Ollama;C:\Users\Pablo Porras\AppData\Roaming\npm;C:\Users\Pablo Porras\AppData\Roaming\npm;C:\Program Files\Java\jdk-11;C:\Program Files\Java\jdk-11\bin;C:\maven\apache-maven-3.9.8;;."/>
    <property name="java.vendor" value="Oracle Corporation"/>
    <property name="java.vm.info" value="mixed mode"/>
    <property name="java.vm.version" value="11.0.22+9-LTS-219"/>
    <property name="java.specification.maintenance.version" value="2"/>
    <property name="sun.io.unicode.encoding" value="UnicodeLittle"/>
    <property name="java.class.version" value="55.0"/>
  </properties>
  <testcase name="shouldScanPackage" classname="com.unicenta.PackageScanTest" time="0.177">
    <system-out><![CDATA[2024-08-17 18:00:57 [main] INFO  org.reflections.Reflections - Reflections took 81 ms to scan 3 urls, producing 163 keys and 357 values  
]]></system-out>
  </testcase>
</testsuite>